2024-06-03T17:19:22.304+05:30  INFO 4984 --- [cmsproject] [restartedMain] c.p.cmsproject.CmsprojectApplication     : Starting CmsprojectApplication using Java 17.0.10 with PID 4984 (C:\Users\elitahazel.d\Desktop\Java New\cmsproject\target\classes started by elitahazel.d in C:\Users\elitahazel.d\Desktop\Java New\cmsproject)
2024-06-03T17:19:22.304+05:30  INFO 4984 --- [cmsproject] [restartedMain] c.p.cmsproject.CmsprojectApplication     : No active profile set, falling back to 1 default profile: "default"
2024-06-03T17:19:22.510+05:30  INFO 4984 --- [cmsproject] [restartedMain] .s.d.r.c.RepositoryConfigurationDelegate : Bootstrapping Spring Data JPA repositories in DEFAULT mode.
2024-06-03T17:19:22.543+05:30  INFO 4984 --- [cmsproject] [restartedMain] .s.d.r.c.RepositoryConfigurationDelegate : Finished Spring Data repository scanning in 33 ms. Found 6 JPA repository interfaces.
2024-06-03T17:19:22.612+05:30  INFO 4984 --- [cmsproject] [restartedMain] o.s.b.w.embedded.tomcat.TomcatWebServer  : Tomcat initialized with port 8080 (http)
2024-06-03T17:19:22.613+05:30  INFO 4984 --- [cmsproject] [restartedMain] o.apache.catalina.core.StandardService   : Starting service [Tomcat]
2024-06-03T17:19:22.613+05:30  INFO 4984 --- [cmsproject] [restartedMain] o.apache.catalina.core.StandardEngine    : Starting Servlet engine: [Apache Tomcat/10.1.24]
2024-06-03T17:19:22.635+05:30  INFO 4984 --- [cmsproject] [restartedMain] o.a.c.c.C.[Tomcat].[localhost].[/]       : Initializing Spring embedded WebApplicationContext
2024-06-03T17:19:22.635+05:30  INFO 4984 --- [cmsproject] [restartedMain] w.s.c.ServletWebServerApplicationContext : Root WebApplicationContext: initialization completed in 329 ms
2024-06-03T17:19:22.662+05:30  INFO 4984 --- [cmsproject] [restartedMain] o.hibernate.jpa.internal.util.LogHelper  : HHH000204: Processing PersistenceUnitInfo [name: default]
2024-06-03T17:19:22.664+05:30  INFO 4984 --- [cmsproject] [restartedMain] o.h.c.internal.RegionFactoryInitiator    : HHH000026: Second-level cache disabled
2024-06-03T17:19:22.671+05:30  INFO 4984 --- [cmsproject] [restartedMain] o.s.o.j.p.SpringPersistenceUnitInfo      : No LoadTimeWeaver setup: ignoring JPA class transformer
2024-06-03T17:19:22.672+05:30  INFO 4984 --- [cmsproject] [restartedMain] com.zaxxer.hikari.HikariDataSource       : HikariPool-2 - Starting...
2024-06-03T17:19:22.686+05:30  INFO 4984 --- [cmsproject] [restartedMain] com.zaxxer.hikari.pool.HikariPool        : HikariPool-2 - Added connection com.mysql.cj.jdbc.ConnectionImpl@76f296a9
2024-06-03T17:19:22.686+05:30  INFO 4984 --- [cmsproject] [restartedMain] com.zaxxer.hikari.HikariDataSource       : HikariPool-2 - Start completed.
2024-06-03T17:19:22.688+05:30  WARN 4984 --- [cmsproject] [restartedMain] org.hibernate.orm.deprecation            : HHH90000025: MySQLDialect does not need to be specified explicitly using 'hibernate.dialect' (remove the property setting and it will be selected by default)
2024-06-03T17:19:22.776+05:30  INFO 4984 --- [cmsproject] [restartedMain] o.h.e.t.j.p.i.JtaPlatformInitiator       : HHH000489: No JTA platform available (set 'hibernate.transaction.jta.platform' to enable JTA platform integration)
2024-06-03T17:19:22.834+05:30  INFO 4984 --- [cmsproject] [restartedMain] j.LocalContainerEntityManagerFactoryBean : Initialized JPA EntityManagerFactory for persistence unit 'default'
2024-06-03T17:19:22.912+05:30  INFO 4984 --- [cmsproject] [restartedMain] eAuthenticationProviderManagerConfigurer : Global AuthenticationManager configured with AuthenticationProvider bean with name authenticationProvider
2024-06-03T17:19:22.912+05:30  WARN 4984 --- [cmsproject] [restartedMain] r$InitializeUserDetailsManagerConfigurer : Global AuthenticationManager configured with an AuthenticationProvider bean. UserDetailsService beans will not be used for username/password login. Consider removing the AuthenticationProvider bean. Alternatively, consider using the UserDetailsService in a manually instantiated DaoAuthenticationProvider.
2024-06-03T17:19:22.946+05:30  WARN 4984 --- [cmsproject] [restartedMain] JpaBaseConfiguration$JpaWebConfiguration : spring.jpa.open-in-view is enabled by default. Therefore, database queries may be performed during view rendering. Explicitly configure spring.jpa.open-in-view to disable this warning
2024-06-03T17:19:23.002+05:30  INFO 4984 --- [cmsproject] [restartedMain] o.s.s.web.DefaultSecurityFilterChain     : Will secure any request with [org.springframework.security.web.session.DisableEncodeUrlFilter@269669f9, org.springframework.security.web.context.request.async.WebAsyncManagerIntegrationFilter@40e696a6, org.springframework.security.web.context.SecurityContextHolderFilter@106cbe9f, org.springframework.security.web.header.HeaderWriterFilter@7d001f02, org.springframework.security.web.authentication.logout.LogoutFilter@97ded60, com.project.cmsproject.security.jwt.AuthTokenFilter@22a89def, org.springframework.security.web.savedrequest.RequestCacheAwareFilter@8a00706, org.springframework.security.web.servletapi.SecurityContextHolderAwareRequestFilter@7525e11f, org.springframework.security.web.authentication.AnonymousAuthenticationFilter@2b7bcb67, org.springframework.security.web.session.SessionManagementFilter@158387ff, org.springframework.security.web.access.ExceptionTranslationFilter@41eb27eb, org.springframework.security.web.access.intercept.AuthorizationFilter@5b9a6755]
2024-06-03T17:19:23.049+05:30  INFO 4984 --- [cmsproject] [restartedMain] o.s.b.d.a.OptionalLiveReloadServer       : LiveReload server is running on port 35729
2024-06-03T17:19:23.061+05:30  INFO 4984 --- [cmsproject] [restartedMain] o.s.b.w.embedded.tomcat.TomcatWebServer  : Tomcat started on port 8080 (http) with context path '/'
2024-06-03T17:19:23.065+05:30  INFO 4984 --- [cmsproject] [restartedMain] c.p.cmsproject.CmsprojectApplication     : Started CmsprojectApplication in 0.795 seconds (process running for 38.753)
2024-06-03T17:19:23.067+05:30  INFO 4984 --- [cmsproject] [restartedMain] .ConditionEvaluationDeltaLoggingListener : Condition evaluation unchanged
2024-06-03T17:19:38.360+05:30  INFO 4984 --- [cmsproject] [http-nio-8080-exec-1] o.a.c.c.C.[Tomcat].[localhost].[/]       : Initializing Spring DispatcherServlet 'dispatcherServlet'
2024-06-03T17:19:38.361+05:30  INFO 4984 --- [cmsproject] [http-nio-8080-exec-1] o.s.web.servlet.DispatcherServlet        : Initializing Servlet 'dispatcherServlet'
2024-06-03T17:19:38.363+05:30  INFO 4984 --- [cmsproject] [http-nio-8080-exec-1] o.s.web.servlet.DispatcherServlet        : Completed initialization in 1 ms
2024-06-03T17:19:39.086+05:30  INFO 4984 --- [cmsproject] [http-nio-8080-exec-9] o.springdoc.api.AbstractOpenApiResource  : Init duration for springdoc-openapi is: 428 ms
2024-06-03T17:22:30.257+05:30  INFO 4984 --- [cmsproject] [http-nio-8080-exec-8] c.p.c.controller.CustomerController      : Inside getAllProducts com.project.cmsproject.controller.CustomerController
2024-06-03T17:22:30.257+05:30  INFO 4984 --- [cmsproject] [http-nio-8080-exec-8] c.p.c.service.ProductServiceImp          : Fetching all products
2024-06-03T17:22:30.272+05:30  INFO 4984 --- [cmsproject] [http-nio-8080-exec-8] c.p.c.controller.CustomerController      : Call to service layer method is success
2024-06-03T17:31:12.562+05:30  INFO 4984 --- [cmsproject] [RMI TCP Connection(16)-127.0.0.1] inMXBeanRegistrar$SpringApplicationAdmin : Application shutdown requested.
2024-06-03T17:31:12.588+05:30  INFO 4984 --- [cmsproject] [RMI TCP Connection(16)-127.0.0.1] j.LocalContainerEntityManagerFactoryBean : Closing JPA EntityManagerFactory for persistence unit 'default'
2024-06-03T17:31:12.589+05:30  INFO 4984 --- [cmsproject] [RMI TCP Connection(16)-127.0.0.1] com.zaxxer.hikari.HikariDataSource       : HikariPool-2 - Shutdown initiated...
2024-06-03T17:31:12.595+05:30  INFO 4984 --- [cmsproject] [RMI TCP Connection(16)-127.0.0.1] com.zaxxer.hikari.HikariDataSource       : HikariPool-2 - Shutdown completed.
2024-06-03T17:32:50.096+05:30  INFO 14900 --- [cmsproject] [restartedMain] c.p.cmsproject.CmsprojectApplication     : Starting CmsprojectApplication using Java 17.0.10 with PID 14900 (C:\Users\elitahazel.d\Desktop\Java New\cmsproject\target\classes started by elitahazel.d in C:\Users\elitahazel.d\Desktop\Java New\cmsproject)
2024-06-03T17:32:50.098+05:30  INFO 14900 --- [cmsproject] [restartedMain] c.p.cmsproject.CmsprojectApplication     : No active profile set, falling back to 1 default profile: "default"
2024-06-03T17:32:50.142+05:30  INFO 14900 --- [cmsproject] [restartedMain] .e.DevToolsPropertyDefaultsPostProcessor : Devtools property defaults active! Set 'spring.devtools.add-properties' to 'false' to disable
2024-06-03T17:32:50.143+05:30  INFO 14900 --- [cmsproject] [restartedMain] .e.DevToolsPropertyDefaultsPostProcessor : For additional web related logging consider setting the 'logging.level.web' property to 'DEBUG'
2024-06-03T17:32:50.875+05:30  INFO 14900 --- [cmsproject] [restartedMain] .s.d.r.c.RepositoryConfigurationDelegate : Bootstrapping Spring Data JPA repositories in DEFAULT mode.
2024-06-03T17:32:50.962+05:30  INFO 14900 --- [cmsproject] [restartedMain] .s.d.r.c.RepositoryConfigurationDelegate : Finished Spring Data repository scanning in 79 ms. Found 6 JPA repository interfaces.
2024-06-03T17:32:51.364+05:30  INFO 14900 --- [cmsproject] [restartedMain] o.s.b.w.embedded.tomcat.TomcatWebServer  : Tomcat initialized with port 8080 (http)
2024-06-03T17:32:51.374+05:30  INFO 14900 --- [cmsproject] [restartedMain] o.apache.catalina.core.StandardService   : Starting service [Tomcat]
2024-06-03T17:32:51.374+05:30  INFO 14900 --- [cmsproject] [restartedMain] o.apache.catalina.core.StandardEngine    : Starting Servlet engine: [Apache Tomcat/10.1.24]
2024-06-03T17:32:51.431+05:30  INFO 14900 --- [cmsproject] [restartedMain] o.a.c.c.C.[Tomcat].[localhost].[/]       : Initializing Spring embedded WebApplicationContext
2024-06-03T17:32:51.431+05:30  INFO 14900 --- [cmsproject] [restartedMain] w.s.c.ServletWebServerApplicationContext : Root WebApplicationContext: initialization completed in 1287 ms
2024-06-03T17:32:51.535+05:30  INFO 14900 --- [cmsproject] [restartedMain] o.hibernate.jpa.internal.util.LogHelper  : HHH000204: Processing PersistenceUnitInfo [name: default]
2024-06-03T17:32:51.577+05:30  INFO 14900 --- [cmsproject] [restartedMain] org.hibernate.Version                    : HHH000412: Hibernate ORM core version 6.5.2.Final
2024-06-03T17:32:51.605+05:30  INFO 14900 --- [cmsproject] [restartedMain] o.h.c.internal.RegionFactoryInitiator    : HHH000026: Second-level cache disabled
2024-06-03T17:32:51.845+05:30  INFO 14900 --- [cmsproject] [restartedMain] o.s.o.j.p.SpringPersistenceUnitInfo      : No LoadTimeWeaver setup: ignoring JPA class transformer
2024-06-03T17:32:51.871+05:30  INFO 14900 --- [cmsproject] [restartedMain] com.zaxxer.hikari.HikariDataSource       : HikariPool-1 - Starting...
2024-06-03T17:32:52.096+05:30  INFO 14900 --- [cmsproject] [restartedMain] com.zaxxer.hikari.pool.HikariPool        : HikariPool-1 - Added connection com.mysql.cj.jdbc.ConnectionImpl@424a4890
2024-06-03T17:32:52.098+05:30  INFO 14900 --- [cmsproject] [restartedMain] com.zaxxer.hikari.HikariDataSource       : HikariPool-1 - Start completed.
2024-06-03T17:32:52.144+05:30  WARN 14900 --- [cmsproject] [restartedMain] org.hibernate.orm.deprecation            : HHH90000025: MySQLDialect does not need to be specified explicitly using 'hibernate.dialect' (remove the property setting and it will be selected by default)
2024-06-03T17:32:52.935+05:30  INFO 14900 --- [cmsproject] [restartedMain] o.h.e.t.j.p.i.JtaPlatformInitiator       : HHH000489: No JTA platform available (set 'hibernate.transaction.jta.platform' to enable JTA platform integration)
2024-06-03T17:32:53.021+05:30  INFO 14900 --- [cmsproject] [restartedMain] j.LocalContainerEntityManagerFactoryBean : Initialized JPA EntityManagerFactory for persistence unit 'default'
2024-06-03T17:32:53.328+05:30  INFO 14900 --- [cmsproject] [restartedMain] eAuthenticationProviderManagerConfigurer : Global AuthenticationManager configured with AuthenticationProvider bean with name authenticationProvider
2024-06-03T17:32:53.329+05:30  WARN 14900 --- [cmsproject] [restartedMain] r$InitializeUserDetailsManagerConfigurer : Global AuthenticationManager configured with an AuthenticationProvider bean. UserDetailsService beans will not be used for username/password login. Consider removing the AuthenticationProvider bean. Alternatively, consider using the UserDetailsService in a manually instantiated DaoAuthenticationProvider.
2024-06-03T17:32:53.449+05:30  WARN 14900 --- [cmsproject] [restartedMain] JpaBaseConfiguration$JpaWebConfiguration : spring.jpa.open-in-view is enabled by default. Therefore, database queries may be performed during view rendering. Explicitly configure spring.jpa.open-in-view to disable this warning
2024-06-03T17:32:53.663+05:30  INFO 14900 --- [cmsproject] [restartedMain] o.s.s.web.DefaultSecurityFilterChain     : Will secure any request with [org.springframework.security.web.session.DisableEncodeUrlFilter@7ccb7f59, org.springframework.security.web.context.request.async.WebAsyncManagerIntegrationFilter@25a6c17d, org.springframework.security.web.context.SecurityContextHolderFilter@4b9ea2c6, org.springframework.security.web.header.HeaderWriterFilter@7e3ffa17, org.springframework.security.web.authentication.logout.LogoutFilter@5bc5d99, com.project.cmsproject.security.jwt.AuthTokenFilter@58c348ec, org.springframework.security.web.savedrequest.RequestCacheAwareFilter@1690620b, org.springframework.security.web.servletapi.SecurityContextHolderAwareRequestFilter@56f8bd6a, org.springframework.security.web.authentication.AnonymousAuthenticationFilter@119e14a9, org.springframework.security.web.session.SessionManagementFilter@63acc1f8, org.springframework.security.web.access.ExceptionTranslationFilter@6a861cf9, org.springframework.security.web.access.intercept.AuthorizationFilter@131955a8]
2024-06-03T17:32:53.885+05:30  INFO 14900 --- [cmsproject] [restartedMain] o.s.b.d.a.OptionalLiveReloadServer       : LiveReload server is running on port 35729
2024-06-03T17:32:53.928+05:30  INFO 14900 --- [cmsproject] [restartedMain] o.s.b.w.embedded.tomcat.TomcatWebServer  : Tomcat started on port 8080 (http) with context path '/'
2024-06-03T17:32:53.939+05:30  INFO 14900 --- [cmsproject] [restartedMain] c.p.cmsproject.CmsprojectApplication     : Started CmsprojectApplication in 4.247 seconds (process running for 5.046)
2024-06-03T17:33:01.547+05:30  INFO 14900 --- [cmsproject] [RMI TCP Connection(2)-127.0.0.1] inMXBeanRegistrar$SpringApplicationAdmin : Application shutdown requested.
2024-06-03T17:33:01.574+05:30  INFO 14900 --- [cmsproject] [RMI TCP Connection(2)-127.0.0.1] j.LocalContainerEntityManagerFactoryBean : Closing JPA EntityManagerFactory for persistence unit 'default'
2024-06-03T17:33:01.578+05:30  INFO 14900 --- [cmsproject] [RMI TCP Connection(2)-127.0.0.1] com.zaxxer.hikari.HikariDataSource       : HikariPool-1 - Shutdown initiated...
2024-06-03T17:33:01.587+05:30  INFO 14900 --- [cmsproject] [RMI TCP Connection(2)-127.0.0.1] com.zaxxer.hikari.HikariDataSource       : HikariPool-1 - Shutdown completed.
